Library/Bee/Android/Prj/Mono2x/Gradle/launcher/build/intermediates/manifest_merge_blame_file/release/manifest-merger-blame-release-report.txt
1<?xml version="1.0" encoding="utf-8"?>
2<manifest xmlns:android="http://schemas.android.com/apk/res/android"
3    package="com.pranavdev.penfight"
4    android:installLocation="preferExternal"
5    android:versionCode="1"
6    android:versionName="0.1" >
7
8    <uses-sdk
9        android:minSdkVersion="23"
9-->src\main\AndroidManifest.xml
10        android:targetSdkVersion="33" />
10-->src\main\AndroidManifest.xml
11
12    <supports-screens
12-->src\main\AndroidManifest.xml:4:3-163
13        android:anyDensity="true"
13-->src\main\AndroidManifest.xml:4:135-160
14        android:largeScreens="true"
14-->src\main\AndroidManifest.xml:4:78-105
15        android:normalScreens="true"
15-->src\main\AndroidManifest.xml:4:49-77
16        android:smallScreens="true"
16-->src\main\AndroidManifest.xml:4:21-48
17        android:xlargeScreens="true" />
17-->src\main\AndroidManifest.xml:4:106-134
18
19    <uses-feature android:glEsVersion="0x00030000" />
19-->[:unityLibrary] AndroidManifest.xml:12:5-54
19-->[:unityLibrary] AndroidManifest.xml:12:19-51
20    <uses-feature
20-->[:unityLibrary] AndroidManifest.xml:13:5-15:36
21        android:name="android.hardware.vulkan.version"
21-->[:unityLibrary] AndroidManifest.xml:14:9-55
22        android:required="false" />
22-->[:unityLibrary] AndroidManifest.xml:15:9-33
23    <uses-feature
23-->[:unityLibrary] AndroidManifest.xml:16:5-18:36
24        android:name="android.hardware.touchscreen"
24-->[:unityLibrary] AndroidManifest.xml:17:9-52
25        android:required="false" />
25-->[:unityLibrary] AndroidManifest.xml:18:9-33
26    <uses-feature
26-->[:unityLibrary] AndroidManifest.xml:19:5-21:36
27        android:name="android.hardware.touchscreen.multitouch"
27-->[:unityLibrary] AndroidManifest.xml:20:9-63
28        android:required="false" />
28-->[:unityLibrary] AndroidManifest.xml:21:9-33
29    <uses-feature
29-->[:unityLibrary] AndroidManifest.xml:22:5-24:36
30        android:name="android.hardware.touchscreen.multitouch.distinct"
30-->[:unityLibrary] AndroidManifest.xml:23:9-72
31        android:required="false" />
31-->[:unityLibrary] AndroidManifest.xml:24:9-33
32
33    <application
33-->src\main\AndroidManifest.xml:3:3-83
34        android:extractNativeLibs="true"
34-->[:unityLibrary] AndroidManifest.xml:27:9-41
35        android:icon="@mipmap/app_icon"
35-->src\main\AndroidManifest.xml:3:16-47
36        android:label="@string/app_name" >
36-->src\main\AndroidManifest.xml:3:48-80
37        <service
37-->[:unityLibrary] AndroidManifest.xml:30:9-32:40
38            android:name="com.google.firebase.messaging.MessageForwardingService"
38-->[:unityLibrary] AndroidManifest.xml:31:13-82
39            android:exported="false" />
39-->[:unityLibrary] AndroidManifest.xml:32:13-37
40
41        <meta-data
41-->[:unityLibrary] AndroidManifest.xml:34:9-36:33
42            android:name="unity.splash-mode"
42-->[:unityLibrary] AndroidManifest.xml:35:13-45
43            android:value="0" />
43-->[:unityLibrary] AndroidManifest.xml:36:13-30
44        <meta-data
44-->[:unityLibrary] AndroidManifest.xml:37:9-39:36
45            android:name="unity.splash-enable"
45-->[:unityLibrary] AndroidManifest.xml:38:13-47
46            android:value="True" />
46-->[:unityLibrary] AndroidManifest.xml:39:13-33
47        <meta-data
47-->[:unityLibrary] AndroidManifest.xml:40:9-42:36
48            android:name="unity.launch-fullscreen"
48-->[:unityLibrary] AndroidManifest.xml:41:13-51
49            android:value="True" />
49-->[:unityLibrary] AndroidManifest.xml:42:13-33
50        <meta-data
50-->[:unityLibrary] AndroidManifest.xml:43:9-45:50
51            android:name="notch.config"
51-->[:unityLibrary] AndroidManifest.xml:44:13-40
52            android:value="portrait|landscape" />
52-->[:unityLibrary] AndroidManifest.xml:45:13-47
53        <meta-data
53-->[:unityLibrary] AndroidManifest.xml:46:9-48:36
54            android:name="unity.auto-report-fully-drawn"
54-->[:unityLibrary] AndroidManifest.xml:47:13-57
55            android:value="true" />
55-->[:unityLibrary] AndroidManifest.xml:48:13-33
56        <meta-data
56-->[:unityLibrary] AndroidManifest.xml:49:9-51:37
57            android:name="unity.strip-engine-code"
57-->[:unityLibrary] AndroidManifest.xml:50:13-51
58            android:value="false" />
58-->[:unityLibrary] AndroidManifest.xml:51:13-34
59
60        <activity
60-->[:unityLibrary] AndroidManifest.xml:53:9-73:20
61            android:name="com.google.firebase.MessagingUnityPlayerActivity"
61-->[:unityLibrary] AndroidManifest.xml:54:13-76
62            android:configChanges="mcc|mnc|locale|touchscreen|keyboard|keyboardHidden|navigation|orientation|screenLayout|uiMode|screenSize|smallestScreenSize|fontScale|layoutDirection|density"
62-->[:unityLibrary] AndroidManifest.xml:55:13-194
63            android:exported="true"
63-->[:unityLibrary] AndroidManifest.xml:56:13-36
64            android:hardwareAccelerated="false"
64-->[:unityLibrary] AndroidManifest.xml:57:13-48
65            android:launchMode="singleTask"
65-->[:unityLibrary] AndroidManifest.xml:58:13-44
66            android:resizeableActivity="false"
66-->[:unityLibrary] AndroidManifest.xml:59:13-47
67            android:screenOrientation="fullUser" >
67-->[:unityLibrary] AndroidManifest.xml:60:13-49
68            <intent-filter>
68-->[:unityLibrary] AndroidManifest.xml:61:13-65:29
69                <category android:name="android.intent.category.LAUNCHER" />
69-->[:unityLibrary] AndroidManifest.xml:62:17-77
69-->[:unityLibrary] AndroidManifest.xml:62:27-74
70
71                <action android:name="android.intent.action.MAIN" />
71-->[:unityLibrary] AndroidManifest.xml:64:17-69
71-->[:unityLibrary] AndroidManifest.xml:64:25-66
72            </intent-filter>
73
74            <meta-data
74-->[:unityLibrary] AndroidManifest.xml:67:13-69:40
75                android:name="unityplayer.UnityActivity"
75-->[:unityLibrary] AndroidManifest.xml:68:17-57
76                android:value="true" />
76-->[:unityLibrary] AndroidManifest.xml:69:17-37
77            <meta-data
77-->[:unityLibrary] AndroidManifest.xml:70:13-72:40
78                android:name="notch_support"
78-->[:unityLibrary] AndroidManifest.xml:71:17-45
79                android:value="true" />
79-->[:unityLibrary] AndroidManifest.xml:72:17-37
80        </activity>
81    </application>
82
83</manifest>